 0 | 1 | 2
---+---+---
 3 | 4 | 5
---+---+---
 6 | 7 | 8
Player x: 4
 0 | 1 | 2
---+---+---
 3 | x | 5
---+---+---
 6 | 7 | 8
Player o: 2
 0 | 1 | o
---+---+---
 3 | x | 5
---+---+---
 6 | 7 | 8
Player x: 0
 x | 1 | o
---+---+---
 3 | x | 5
---+---+---
 6 | 7 | 8
Player o: 5
 x | 1 | o
---+---+---
 3 | x | o
---+---+---
 6 | 7 | 8
Player x: 8
 x | 1 | o
---+---+---
 3 | x | o
---+---+---
 6 | 7 | x
Player x wins!

 0 | 1 | 2    0 | 1 | 2    0 | 1 | o    x | 1 | o    x | 1 | o    x | 1 | o
---+---+---  ---+---+---  ---+---+---  ---+---+---  ---+---+---  ---+---+---
 3 | 4 | 5    3 | x | 5    3 | x | 5    3 | x | 5    3 | x | o    3 | x | o
---+---+---  ---+---+---  ---+---+---  ---+---+---  ---+---+---  ---+---+---
 6 | 7 | 8    6 | 7 | 8    6 | 7 | 8    6 | 7 | 8    6 | 7 | 8    6 | 7 | x
Player x: 4  Player o: 2  Player x: 0  Player o: 5  Player x: 8  Player x wins!
